<?xml version="1.0" encoding="UTF-8"?>
<coverage generated="1525332240">
  <project timestamp="1525332240">
    <package name="TDD">
      <file name="/Applications/MAMP/htdocs/phpunit/src/Receipt.php">
        <class name="Receipt" namespace="TDD">
          <metrics complexity="5" methods="3" coveredmethods="3" conditionals="0" coveredconditionals="0" statements="9" coveredstatements="9" elements="12" coveredelements="12"/>
        </class>
        <line num="7" type="method" name="total" visibility="public" complexity="3" crap="3" count="3"/>
        <line num="8" type="stmt" count="3"/>
        <line num="9" type="stmt" count="1"/>
        <line num="12" type="stmt" count="2"/>
        <line num="13" type="stmt" count="2"/>
        <line num="14" type="stmt" count="1"/>
        <line num="16" type="stmt" count="1"/>
        <line num="19" type="method" name="tax" visibility="public" complexity="1" crap="1" count="1"/>
        <line num="20" type="stmt" count="1"/>
        <line num="23" type="method" name="postTaxTotal" visibility="public" complexity="1" crap="1" count="1"/>
        <line num="24" type="stmt" count="1"/>
        <line num="25" type="stmt" count="1"/>
        <metrics loc="26" ncloc="26" classes="1" methods="3" coveredmethods="3" conditionals="0" coveredconditionals="0" statements="9" coveredstatements="9" elements="12" coveredelements="12"/>
      </file>
    </package>
    <metrics files="1" loc="26" ncloc="26" classes="1" methods="3" coveredmethods="3" conditionals="0" coveredconditionals="0" statements="9" coveredstatements="9" elements="12" coveredelements="12"/>
  </project>
</coverage>
