<?xml version="1.0" encoding="UTF-8"?>
<coverage generated="1525351591">
  <project timestamp="1525351591">
    <package name="TDD">
      <file name="/Applications/MAMP/htdocs/phpunit/src/Receipt.php">
        <class name="Receipt" namespace="TDD">
          <metrics complexity="6" methods="4" coveredmethods="4" conditionals="0" coveredconditionals="0" statements="10" coveredstatements="10" elements="14" coveredelements="14"/>
        </class>
        <line num="7" type="method" name="total" visibility="public" complexity="3" crap="3" count="3"/>
        <line num="8" type="stmt" count="3"/>
        <line num="9" type="stmt" count="1"/>
        <line num="12" type="stmt" count="2"/>
        <line num="13" type="stmt" count="2"/>
        <line num="14" type="stmt" count="1"/>
        <line num="16" type="stmt" count="1"/>
        <line num="19" type="method" name="tax" visibility="public" complexity="1" crap="1" count="1"/>
        <line num="20" type="stmt" count="1"/>
        <line num="23" type="method" name="postTaxTotal" visibility="public" complexity="1" crap="1" count="1"/>
        <line num="24" type="stmt" count="1"/>
        <line num="25" type="stmt" count="1"/>
        <line num="28" type="method" name="currencyAmt" visibility="public" complexity="1" crap="1" count="4"/>
        <line num="29" type="stmt" count="4"/>
        <metrics loc="30" ncloc="30" classes="1" methods="4" coveredmethods="4" conditionals="0" coveredconditionals="0" statements="10" coveredstatements="10" elements="14" coveredelements="14"/>
      </file>
    </package>
    <metrics files="1" loc="30" ncloc="30" classes="1" methods="4" coveredmethods="4" conditionals="0" coveredconditionals="0" statements="10" coveredstatements="10" elements="14" coveredelements="14"/>
  </project>
</coverage>
